{"level":"error","message":"Database connection failed: password authentication failed for user \"postgres\"","timestamp":"2025-03-09T13:13:53.671Z"}
{"level":"error","message":"Database connection failed: database \"e9s_metastore\" does not exist","timestamp":"2025-03-09T13:18:52.834Z"}
{"level":"info","message":"PostgreSQL connected successfully","timestamp":"2025-03-09T13:23:14.760Z"}
{"level":"info","message":"E9sMetaStore server running in development mode on port 5000","timestamp":"2025-03-09T13:23:14.765Z"}
{"level":"info","message":"PostgreSQL connected successfully","timestamp":"2025-03-09T16:32:43.068Z"}
{"level":"info","message":"E9sMetaStore server running in development mode on port 5000","timestamp":"2025-03-09T16:32:43.073Z"}
{"level":"info","message":"PostgreSQL connected successfully","timestamp":"2025-03-09T16:52:39.476Z"}
{"level":"info","message":"E9sMetaStore server running in development mode on port 5000","timestamp":"2025-03-09T16:52:39.481Z"}
{"level":"error","message":"error: bind message supplies 7 parameters, but prepared statement \"\" requires 8","timestamp":"2025-03-09T16:52:41.654Z"}
{"level":"info","message":"PostgreSQL connected successfully","timestamp":"2025-03-09T16:53:36.717Z"}
{"level":"info","message":"E9sMetaStore server running in development mode on port 5000","timestamp":"2025-03-09T16:53:36.724Z"}
{"level":"info","message":"PostgreSQL connected successfully","timestamp":"2025-03-10T15:58:25.046Z"}
{"level":"info","message":"E9sMetaStore server running in development mode on port 5000","timestamp":"2025-03-10T15:58:25.052Z"}
{"level":"info","message":"PostgreSQL connected successfully","timestamp":"2025-03-10T16:02:20.508Z"}
{"level":"info","message":"E9sMetaStore server running in development mode on port 5000","timestamp":"2025-03-10T16:02:20.512Z"}
{"level":"info","message":"PostgreSQL connected successfully","timestamp":"2025-03-10T16:02:26.119Z"}
{"level":"info","message":"E9sMetaStore server running in development mode on port 5000","timestamp":"2025-03-10T16:02:26.124Z"}
{"level":"error","message":"Error creating actor config: error: relation \"actor_config\" does not exist","timestamp":"2025-03-10T16:02:28.224Z"}
{"level":"error","message":"error: relation \"actor_config\" does not exist","timestamp":"2025-03-10T16:02:28.225Z"}
{"level":"info","message":"PostgreSQL connected successfully","timestamp":"2025-03-10T16:04:29.220Z"}
{"level":"info","message":"E9sMetaStore server running in development mode on port 5000","timestamp":"2025-03-10T16:04:29.225Z"}
